2018-11-29 11:18:27,828 - INFO - 新疆维吾尔自治区昌吉回族自治州木垒哈萨克自治县,这个区/县没有镇信息....
2018-11-29 11:18:27,830 - INFO - 山西省忻州市代县枣林镇,这个镇没有村信息....
2018-11-29 11:18:27,830 - INFO - 贵州省贵阳市云岩区普天社区服务中心,这个镇没有村信息....
2018-11-29 11:18:27,833 - INFO - 内蒙古自治区包头市土默特右旗沟门镇,这个镇没有村信息....
2018-11-29 11:18:27,838 - INFO - 河南省开封市兰考县,这个区/县没有镇信息....
2018-11-29 11:18:27,839 - INFO - 新疆维吾尔自治区昌吉回族自治州木垒哈萨克自治县,这个区/县没有镇信息....
2018-11-29 11:18:27,842 - INFO - 吉林省四平市伊通满族自治县靠山镇,这个镇没有村信息....
2018-11-29 11:18:27,842 - INFO - 河北省秦皇岛市北戴河新区团林管理处,这个镇没有村信息....
2018-11-29 11:18:27,846 - INFO - 吉林省四平市伊通满族自治县靠山镇,这个镇没有村信息....
2018-11-29 11:18:27,846 - INFO - 河南省许昌市许昌经济技术开发区,这个区/县没有镇信息....
2018-11-29 11:18:27,846 - INFO - 江苏省宿迁市泗洪县,这个区/县没有镇信息....
2018-11-29 11:21:37,923 - INFO - 广东省珠海市金湾区南水镇,这个镇没有村信息....
2018-11-29 11:21:37,924 - INFO - 福建省漳州市南靖县大房农场,这个镇没有村信息....
2018-11-29 11:21:37,925 - INFO - 四川省宜宾市珙县玉和苗族乡,这个镇没有村信息....
2018-11-29 11:21:37,926 - INFO - 海南省省直辖县级行政区划定安县龙湖镇,这个镇没有村信息....
2018-11-29 11:21:37,929 - INFO - 黑龙江省佳木斯市前进区,这个区/县没有镇信息....
2018-11-29 11:21:37,931 - INFO - 新疆维吾尔自治区昌吉回族自治州木垒哈萨克自治县,这个区/县没有镇信息....
2018-11-29 11:21:37,933 - INFO - 广东省珠海市金湾区南水镇,这个镇没有村信息....
2018-11-29 11:21:37,935 - INFO - 黑龙江省佳木斯市前进区,这个区/县没有镇信息....
2018-11-29 14:04:12,992 - INFO - 四川省成都市青羊区,这个区/县没有镇信息....
2018-11-29 14:04:12,993 - INFO - 陕西省西安市碑林区,这个区/县没有镇信息....
2018-11-29 18:59:32,976 - INFO - 河北省承德市双桥区,这个区/县没有镇信息....
2018-11-30 14:05:57,184 - INFO - 江西省宜春市宜丰县花桥乡,这个镇没有村信息....
2018-11-30 14:05:57,189 - INFO - 山东省菏泽市郓城县黄集镇,这个镇没有村信息....
2018-11-30 14:07:50,934 - INFO - 内蒙古自治区呼伦贝尔市扎赉诺尔区第三街道办事处,这个镇没有村信息....
2018-11-30 14:11:21,410 - INFO - 安徽省阜阳市界首市,这个区/县没有镇信息....
2018-12-01 10:52:11,762 - INFO - 福建省厦门市同安区白沙仑农场,这个镇没有村信息....
2018-12-01 10:52:11,763 - INFO - 河南省平顶山市平顶山高新技术产业开发区遵化店镇,这个镇没有村信息....
2018-12-03 13:16:02,619 - INFO - 黑龙江省佳木斯市前进区,这个区/县没有镇信息....
2018-12-03 14:51:10,463 - INFO - 浙江省绍兴市嵊州市北漳镇,这个镇没有村信息....
2018-12-04 11:43:32,867 - INFO - 陕西省西安市碑林区,这个区/县没有镇信息....
2018-12-04 11:43:34,797 - INFO - 新疆维吾尔自治区昌吉回族自治州木垒哈萨克自治县,这个区/县没有镇信息....
2018-12-04 11:43:34,797 - INFO - 新疆维吾尔自治区昌吉回族自治州木垒哈萨克自治县,这个区/县没有镇信息....
2018-12-04 11:43:34,798 - INFO - 安徽省阜阳市界首市,这个区/县没有镇信息....
2018-12-04 11:43:34,798 - INFO - 安徽省阜阳市界首市,这个区/县没有镇信息....
2018-12-04 11:43:34,798 - INFO - 山西省晋城市城区西上庄办事处,这个镇没有村信息....
2018-12-04 11:43:34,798 - INFO - 山西省晋城市城区西上庄办事处,这个镇没有村信息....
2018-12-04 11:43:37,283 - INFO - 新疆维吾尔自治区昌吉回族自治州木垒哈萨克自治县,这个区/县没有镇信息....
2018-12-04 11:43:37,283 - INFO - 新疆维吾尔自治区昌吉回族自治州木垒哈萨克自治县,这个区/县没有镇信息....
2018-12-04 11:43:37,283 - INFO - 新疆维吾尔自治区昌吉回族自治州木垒哈萨克自治县,这个区/县没有镇信息....
2018-12-04 11:46:01,730 - INFO - 内蒙古自治区包头市土默特右旗沟门镇,这个镇没有村信息....
2018-12-04 11:46:01,731 - INFO - 江西省萍乡市上栗县金山镇,这个镇没有村信息....
以后应该不会有日志生成了吧.. 0.0
